<?xml version="1.0" encoding="UTF-8"?>
<!-- Generated by org.testng.reporters.JUnitReportReporter -->
<testsuite skipped="0" hostname="UKMKCSLP03043" name="testCases_UK.TC01_LC_SelfApproval" tests="1" failures="0" timestamp="08 Mar 2018 12:22:04 GMT" time="639.771" errors="0">
  <testcase name="LcApproval" time="639.771" classname="testCases_UK.TC01_LC_SelfApproval"/>
</testsuite> <!-- testCases_UK.TC01_LC_SelfApproval -->
