<?xml version="1.0" encoding="UTF-8"?>
<!-- Generated by org.testng.reporters.JUnitReportReporter -->
<testsuite skipped="0" hostname="UKMKCSLP03043" name="TestCases_ES.TC13_Spain_ClosedQuote" tests="1" failures="0" timestamp="23 Apr 2018 07:52:18 GMT" time="162.261" errors="0">
  <testcase name="closedQuote" time="162.261" classname="TestCases_ES.TC13_Spain_ClosedQuote"/>
</testsuite> <!-- TestCases_ES.TC13_Spain_ClosedQuote -->
