<?xml version="1.0" encoding="UTF-8"?>
<!-- Generated by org.testng.reporters.JUnitReportReporter -->
<testsuite skipped="0" hostname="UKMKCSLP03043" name="TestCases_ES.TC15_Spain_PLVisibility_AM" tests="1" failures="0" timestamp="26 Apr 2018 10:37:49 GMT" time="973.578" errors="0">
  <testcase name="PLVisibilityAM" time="973.578" classname="TestCases_ES.TC15_Spain_PLVisibility_AM"/>
</testsuite> <!-- TestCases_ES.TC15_Spain_PLVisibility_AM -->
