<?xml version="1.0" encoding="UTF-8"?>
<!-- Generated by org.testng.reporters.JUnitReportReporter -->
<testsuite skipped="0" hostname="UKMKCSLP03043" name="TestCases.testTest" tests="1" failures="0" timestamp="29 Jan 2018 06:12:24 GMT" time="168.095" errors="0">
  <testcase name="LcApproval" time="168.095" classname="TestCases.testTest"/>
</testsuite> <!-- TestCases.testTest -->
