<?xml version="1.0" encoding="UTF-8"?>
<!-- Generated by org.testng.reporters.JUnitReportReporter -->
<testsuite skipped="0" hostname="UKMKCSLP03043" name="TestCases_UK.TC03_LC_CMApproval" tests="1" failures="0" timestamp="21 May 2018 13:20:43 GMT" time="203.267" errors="0">
  <testcase name="cmApproval" time="203.267" classname="TestCases_UK.TC03_LC_CMApproval"/>
</testsuite> <!-- TestCases_UK.TC03_LC_CMApproval -->
