<?xml version="1.0" encoding="UTF-8"?>
<!-- Generated by org.testng.reporters.JUnitReportReporter -->
<testsuite skipped="0" hostname="UKMKCSLP03043" name="TestCases_UK.TC02_LC_SelfApproval" tests="1" failures="0" timestamp="21 May 2018 12:00:43 GMT" time="608.093" errors="0">
  <testcase name="lcApproval" time="608.093" classname="TestCases_UK.TC02_LC_SelfApproval"/>
</testsuite> <!-- TestCases_UK.TC02_LC_SelfApproval -->
