<?xml version="1.0" encoding="UTF-8"?>
<!-- Generated by org.testng.reporters.JUnitReportReporter -->
<testsuite skipped="0" hostname="UKMKCSLP03043" name="TestCases_UK.TC04_PS_SelfApproval" tests="1" failures="0" timestamp="22 May 2018 09:03:12 GMT" time="991.141" errors="0">
  <testcase name="publicSectorSelfApproval" time="991.141" classname="TestCases_UK.TC04_PS_SelfApproval"/>
</testsuite> <!-- TestCases_UK.TC04_PS_SelfApproval -->
