<?xml version="1.0" encoding="UTF-8"?>
<!-- Generated by org.testng.reporters.JUnitReportReporter -->
<testsuite skipped="0" hostname="UKMKCSLP03043" name="TestCases_ES_FixedProduct.TC14_Spain_FixedProduct_CreateOpportunity" tests="1" failures="0" timestamp="23 Apr 2018 09:33:02 GMT" time="516.647" errors="0">
  <testcase name="opportunityCreation" time="516.647" classname="TestCases_ES_FixedProduct.TC14_Spain_FixedProduct_CreateOpportunity"/>
</testsuite> <!-- TestCases_ES_FixedProduct.TC14_Spain_FixedProduct_CreateOpportunity -->
