<?xml version="1.0" encoding="UTF-8"?>
<!-- Generated by org.testng.reporters.JUnitReportReporter -->
<testsuite skipped="0" hostname="UKMKCSLP03043" name="TestCases_ES.TC14_Spain_FixedProduct_CreateOpportunity" tests="1" failures="0" timestamp="20 Mar 2018 13:31:55 GMT" time="524.696" errors="0">
  <testcase name="opportunityCreation" time="524.696" classname="TestCases_ES.TC14_Spain_FixedProduct_CreateOpportunity"/>
</testsuite> <!-- TestCases_ES.TC14_Spain_FixedProduct_CreateOpportunity -->
