<?xml version="1.0" encoding="UTF-8"?>
<!-- Generated by org.testng.reporters.JUnitReportReporter -->
<testsuite skipped="0" hostname="UKMKCSLP03043" name="TestCases_UK.TC07_LC_ContractGenerate" tests="1" failures="0" timestamp="22 May 2018 10:19:33 GMT" time="333.542" errors="0">
  <testcase name="contractGenerate" time="333.542" classname="TestCases_UK.TC07_LC_ContractGenerate"/>
</testsuite> <!-- TestCases_UK.TC07_LC_ContractGenerate -->
