<?xml version="1.0" encoding="UTF-8"?>
<!-- Generated by org.testng.reporters.JUnitReportReporter -->
<testsuite skipped="1" hostname="UKMKCSLP03043" name="testCases_UK_Pre.Perequisite_CreateOpportunity" tests="2" failures="0" timestamp="18 Feb 2018 15:02:31 GMT" time="20.308" errors="1">
  <testcase name="beforeMethod" time="20.308" classname="testCases_UK_Pre.Perequisite_CreateOpportunity">
    <error type="org.openqa.selenium.WebDriverException" message="Timed out waiting for driver server to start.
Build info: version: &#039;3.8.1&#039;, revision: &#039;6e95a6684b&#039;, time: &#039;2017-12-01T19:05:32.194Z&#039;
System info: host: &#039;UKMKCSLP03043&#039;, ip: &#039;192.168.1.195&#039;, os.name: &#039;Windows 10&#039;, os.arch: &#039;x86&#039;, os.version: &#039;10.0&#039;, java.version: &#039;1.8.0_131&#039;
Driver info: driver.version: LaunchDriver">
      <![CDATA[org.openqa.selenium.WebDriverException: Timed out waiting for driver server to start.Build info: version: '3.8.1', revision: '6e95a6684b', time: '2017-12-01T19:05:32.194Z'System info: host: 'UKMKCSLP03043', ip: '192.168.1.195', os.name: 'Windows 10', os.arch: 'x86', os.version: '10.0', java.version: '1.8.0_131'Driver info: driver.version: LaunchDriverat org.openqa.selenium.remote.service.DriverService.waitUntilAvailable(DriverService.java:192)at org.openqa.selenium.remote.service.DriverService.start(DriverService.java:178)at org.openqa.selenium.remote.service.DriverCommandExecutor.execute(DriverCommandExecutor.java:79)at org.openqa.selenium.remote.RemoteWebDriver.execute(RemoteWebDriver.java:601)at org.openqa.selenium.remote.RemoteWebDriver.startSession(RemoteWebDriver.java:219)at org.openqa.selenium.ie.InternetExplorerDriver.run(InternetExplorerDriver.java:223)at org.openqa.selenium.ie.InternetExplorerDriver.<init>(InternetExplorerDriver.java:215)at org.openqa.selenium.ie.InternetExplorerDriver.<init>(InternetExplorerDriver.java:152)at CommonActions.LaunchDriver.launchbrowser(LaunchDriver.java:25)at testCases_UK_Pre.Perequisite_CreateOpportunity.beforeMethod(Perequisite_CreateOpportunity.java:46)at sun.reflect.NativeMethodAccessorImpl.invoke0(Native Method)at sun.reflect.NativeMethodAccessorImpl.invoke(Unknown Source)at sun.reflect.DelegatingMethodAccessorImpl.invoke(Unknown Source)at java.lang.reflect.Method.invoke(Unknown Source)at org.testng.internal.MethodInvocationHelper.invokeMethod(MethodInvocationHelper.java:124)at org.testng.internal.MethodInvocationHelper.invokeMethodConsideringTimeout(MethodInvocationHelper.java:59)at org.testng.internal.Invoker.invokeConfigurationMethod(Invoker.java:451)at org.testng.internal.Invoker.invokeConfigurations(Invoker.java:222)at org.testng.internal.Invoker.invokeMethod(Invoker.java:516)at org.testng.internal.Invoker.invokeTestMethod(Invoker.java:707)at org.testng.internal.Invoker.invokeTestMethods(Invoker.java:979)at org.testng.internal.TestMethodWorker.invokeTestMethods(TestMethodWorker.java:125)at org.testng.internal.TestMethodWorker.run(TestMethodWorker.java:109)at org.testng.TestRunner.privateRun(TestRunner.java:648)at org.testng.TestRunner.run(TestRunner.java:505)at org.testng.SuiteRunner.runTest(SuiteRunner.java:455)at org.testng.SuiteRunner.runSequentially(SuiteRunner.java:450)at org.testng.SuiteRunner.privateRun(SuiteRunner.java:415)at org.testng.SuiteRunner.run(SuiteRunner.java:364)at org.testng.SuiteRunnerWorker.runSuite(SuiteRunnerWorker.java:52)at org.testng.SuiteRunnerWorker.run(SuiteRunnerWorker.java:84)at org.testng.TestNG.runSuitesSequentially(TestNG.java:1187)at org.testng.TestNG.runSuitesLocally(TestNG.java:1116)at org.testng.TestNG.runSuites(TestNG.java:1028)at org.testng.TestNG.run(TestNG.java:996)at org.testng.remote.AbstractRemoteTestNG.run(AbstractRemoteTestNG.java:114)at org.testng.remote.RemoteTestNG.initAndRun(RemoteTestNG.java:251)at org.testng.remote.RemoteTestNG.main(RemoteTestNG.java:77)Caused by: org.openqa.selenium.net.UrlChecker$TimeoutException: Timed out waiting for [http://localhost:34981/status] to be available after 20005 msat org.openqa.selenium.net.UrlChecker.waitUntilAvailable(UrlChecker.java:100)at org.openqa.selenium.remote.service.DriverService.waitUntilAvailable(DriverService.java:187)... 37 moreCaused by: java.util.concurrent.TimeoutExceptionat java.util.concurrent.FutureTask.get(Unknown Source)at com.google.common.util.concurrent.SimpleTimeLimiter.callWithTimeout(SimpleTimeLimiter.java:147)at org.openqa.selenium.net.UrlChecker.waitUntilAvailable(UrlChecker.java:75)... 38 more]]>
    </error>
  </testcase> <!-- beforeMethod -->
  <testcase name="createOpportunity" time="0.000" classname="testCases_UK_Pre.Perequisite_CreateOpportunity">
    <skipped/>
  </testcase> <!-- createOpportunity -->
</testsuite> <!-- testCases_UK_Pre.Perequisite_CreateOpportunity -->
