<?xml version="1.0" encoding="UTF-8"?>
<!-- Generated by org.testng.reporters.JUnitReportReporter -->
<testsuite skipped="0" hostname="UKMKCSLP03043" name="TestCases_UK.TC17_LC_FixedProduct_VSDM_SelfApproval" tests="1" failures="0" timestamp="08 May 2018 12:39:56 GMT" time="560.434" errors="0">
  <testcase name="fixedProductVSDM" time="560.434" classname="TestCases_UK.TC17_LC_FixedProduct_VSDM_SelfApproval"/>
</testsuite> <!-- TestCases_UK.TC17_LC_FixedProduct_VSDM_SelfApproval -->
