<?xml version="1.0" encoding="UTF-8"?>
<!-- Generated by org.testng.reporters.JUnitReportReporter -->
<testsuite skipped="0" hostname="UKMKCSLP03043" name="TestCases_UK.TC17_LC_FixedProduct_SelfApproval" tests="1" failures="0" timestamp="27 Mar 2018 10:11:47 GMT" time="411.290" errors="0">
  <testcase name="LcApproval" time="411.290" classname="TestCases_UK.TC17_LC_FixedProduct_SelfApproval"/>
</testsuite> <!-- TestCases_UK.TC17_LC_FixedProduct_SelfApproval -->
