<?xml version="1.0" encoding="UTF-8"?>
<!-- Generated by org.testng.reporters.JUnitReportReporter -->
<testsuite skipped="0" hostname="UKMKCSLP03043" name="TestCases_UK.TestCase" tests="1" failures="0" timestamp="09 Feb 2018 07:28:15 GMT" time="177.215" errors="0">
  <testcase name="LcApproval" time="177.215" classname="TestCases_UK.TestCase"/>
</testsuite> <!-- TestCases_UK.TestCase -->
