<?xml version="1.0" encoding="UTF-8"?>
<!-- Generated by org.testng.reporters.JUnitReportReporter -->
<testsuite skipped="0" hostname="UKMKCSLP03043" name="TestCases_UK_Pre.Perequisite_CreateAccount" tests="2" failures="0" timestamp="25 Apr 2018 10:13:45 GMT" time="0.015" errors="0">
  <testcase name="createAccount" time="0.015" classname="TestCases_UK_Pre.Perequisite_CreateAccount"/>
  <testcase name="createAccount2" time="0.000" classname="TestCases_UK_Pre.Perequisite_CreateAccount"/>
</testsuite> <!-- TestCases_UK_Pre.Perequisite_CreateAccount -->
