<?xml version="1.0" encoding="UTF-8"?>
<!-- Generated by org.testng.reporters.JUnitReportReporter -->
<testsuite skipped="0" hostname="UKMKCSLP03043" name="TestCases_ES.TC10_Spain_QuoteSummaryGenerate" tests="1" failures="0" timestamp="23 Apr 2018 06:56:19 GMT" time="79.127" errors="0">
  <testcase name="generateContract" time="79.127" classname="TestCases_ES.TC10_Spain_QuoteSummaryGenerate"/>
</testsuite> <!-- TestCases_ES.TC10_Spain_QuoteSummaryGenerate -->
