<?xml version="1.0" encoding="UTF-8"?>
<!-- Generated by org.testng.reporters.JUnitReportReporter -->
<testsuite skipped="0" hostname="UKMKCSLP03043" name="testCases_UK.TC14_PS_CM_ContractGenerate" tests="1" failures="0" timestamp="10 Mar 2018 08:31:46 GMT" time="133.406" errors="0">
  <testcase name="publicSectorSelfApproval" time="133.406" classname="testCases_UK.TC14_PS_CM_ContractGenerate"/>
</testsuite> <!-- testCases_UK.TC14_PS_CM_ContractGenerate -->
