<?xml version="1.0" encoding="UTF-8"?>
<!-- Generated by org.testng.reporters.JUnitReportReporter -->
<testsuite skipped="0" hostname="UKMKCSLP03043" name="TestCases_ES_FixedProduct.TC01_Spain_FixedProduct_CreateOpportunity" tests="1" failures="0" timestamp="25 Apr 2018 09:38:05 GMT" time="443.701" errors="0">
  <testcase name="opportunityCreation" time="443.701" classname="TestCases_ES_FixedProduct.TC01_Spain_FixedProduct_CreateOpportunity"/>
</testsuite> <!-- TestCases_ES_FixedProduct.TC01_Spain_FixedProduct_CreateOpportunity -->
