<?xml version="1.0" encoding="UTF-8"?>
<!-- Generated by org.testng.reporters.JUnitReportReporter -->
<testsuite skipped="0" hostname="UKMKCSLP03043" name="TestCases_ES.TC12_Spain_CloneQuote" tests="1" failures="0" timestamp="23 Apr 2018 07:47:30 GMT" time="77.707" errors="0">
  <testcase name="generateContract" time="77.707" classname="TestCases_ES.TC12_Spain_CloneQuote"/>
</testsuite> <!-- TestCases_ES.TC12_Spain_CloneQuote -->
