<?xml version="1.0" encoding="UTF-8"?>
<!-- Generated by org.testng.reporters.JUnitReportReporter -->
<testsuite skipped="0" hostname="UKMKCSLP03043" name="TestCases_UK.TC08_PS_ContractGenerate" tests="1" failures="0" timestamp="23 Apr 2018 12:43:47 GMT" time="890.068" errors="0">
  <testcase name="contractGeneratePS" time="890.068" classname="TestCases_UK.TC08_PS_ContractGenerate"/>
</testsuite> <!-- TestCases_UK.TC08_PS_ContractGenerate -->
