<?xml version="1.0" encoding="UTF-8"?>
<!-- Generated by org.testng.reporters.JUnitReportReporter -->
<testsuite skipped="0" hostname="UKMKCSLP03043" name="TestCases_ES.TC08_Spain_ContractGenerate" tests="1" failures="0" timestamp="23 Apr 2018 06:44:46 GMT" time="80.167" errors="0">
  <testcase name="generateContract" time="80.167" classname="TestCases_ES.TC08_Spain_ContractGenerate"/>
</testsuite> <!-- TestCases_ES.TC08_Spain_ContractGenerate -->
