<?xml version="1.0" encoding="UTF-8"?>
<!-- Generated by org.testng.reporters.JUnitReportReporter -->
<testsuite skipped="0" hostname="UKMKCSLP03043" name="TestCases_UK.TC21_LC_FixedProduct_ReconfigureQuote_CommercialManager" tests="1" failures="0" timestamp="25 Apr 2018 06:14:21 GMT" time="674.671" errors="0">
  <testcase name="reconfigureQuoteCommercialManager" time="674.671" classname="TestCases_UK.TC21_LC_FixedProduct_ReconfigureQuote_CommercialManager"/>
</testsuite> <!-- TestCases_UK.TC21_LC_FixedProduct_ReconfigureQuote_CommercialManager -->
