<?xml version="1.0" encoding="UTF-8"?>
<!-- Generated by org.testng.reporters.JUnitReportReporter -->
<testsuite skipped="0" hostname="UKMKCSLP03043" name="testCases_UK.TC_015_LC_SelfApproval" tests="1" failures="0" timestamp="19 Feb 2018 11:46:12 GMT" time="881.535" errors="0">
  <testcase name="lCApproval" time="881.535" classname="testCases_UK.TC_015_LC_SelfApproval"/>
</testsuite> <!-- testCases_UK.TC_015_LC_SelfApproval -->
