<?xml version="1.0" encoding="UTF-8"?>
<!-- Generated by org.testng.reporters.JUnitReportReporter -->
<testsuite skipped="0" hostname="UKMKCSLP03043" name="TestCases_UK.TC09_LC_ProposalGenerate" tests="1" failures="0" timestamp="08 May 2018 08:28:03 GMT" time="975.000" errors="0">
  <testcase name="proposalGenerate" time="975.000" classname="TestCases_UK.TC09_LC_ProposalGenerate"/>
</testsuite> <!-- TestCases_UK.TC09_LC_ProposalGenerate -->
