<?xml version="1.0" encoding="UTF-8"?>
<!-- Generated by org.testng.reporters.JUnitReportReporter -->
<testsuite skipped="0" hostname="UKMKCSLP03043" name="TestCases_UK.TC20_SME_FixedProduct_ReconfigureQuote_Salesspecialist" tests="1" failures="0" timestamp="24 Apr 2018 11:53:12 GMT" time="349.157" errors="0">
  <testcase name="reconfigureQuoteSalesspecialist" time="349.157" classname="TestCases_UK.TC20_SME_FixedProduct_ReconfigureQuote_Salesspecialist"/>
</testsuite> <!-- TestCases_UK.TC20_SME_FixedProduct_ReconfigureQuote_Salesspecialist -->
