<?xml version="1.0" encoding="UTF-8"?>
<!-- Generated by org.testng.reporters.JUnitReportReporter -->
<testsuite skipped="0" hostname="UKMKCSLP03043" name="testCases_UK.Prerequisite_CreateOpportunity" tests="1" failures="0" timestamp="08 Mar 2018 11:07:17 GMT" time="415.060" errors="0">
  <testcase name="CreateOpportunity" time="415.060" classname="testCases_UK.Prerequisite_CreateOpportunity"/>
</testsuite> <!-- testCases_UK.Prerequisite_CreateOpportunity -->
