<?xml version="1.0" encoding="UTF-8"?>
<!-- Generated by org.testng.reporters.JUnitReportReporter -->
<testsuite skipped="0" hostname="UKMKCSLP03043" name="TestCases_ES.TC09_Spain_ProposalGenerate" tests="1" failures="0" timestamp="23 Apr 2018 06:50:38 GMT" time="62.810" errors="0">
  <testcase name="generateContract" time="62.810" classname="TestCases_ES.TC09_Spain_ProposalGenerate"/>
</testsuite> <!-- TestCases_ES.TC09_Spain_ProposalGenerate -->
