<?xml version="1.0" encoding="UTF-8"?>
<!-- Generated by org.testng.reporters.JUnitReportReporter -->
<testsuite skipped="0" hostname="UKMKCSLP03043" name="testCases_UK.TC02_LC_CMApproval" tests="1" failures="0" timestamp="08 Mar 2018 15:14:11 GMT" time="315.256" errors="0">
  <testcase name="cmApproval" time="315.256" classname="testCases_UK.TC02_LC_CMApproval"/>
</testsuite> <!-- testCases_UK.TC02_LC_CMApproval -->
