<?xml version="1.0" encoding="UTF-8"?>
<!-- Generated by org.testng.reporters.JUnitReportReporter -->
<testsuite skipped="0" hostname="UKMKCSLP03043" name="TestCases_ES.TC07_Spain_ApprovalFinanceManager" tests="1" failures="0" timestamp="23 Apr 2018 06:29:20 GMT" time="213.773" errors="0">
  <testcase name="ApprovalFinanceManager" time="213.773" classname="TestCases_ES.TC07_Spain_ApprovalFinanceManager"/>
</testsuite> <!-- TestCases_ES.TC07_Spain_ApprovalFinanceManager -->
