<?xml version="1.0" encoding="UTF-8"?>
<!-- Generated by org.testng.reporters.JUnitReportReporter -->
<testsuite skipped="0" hostname="UKMKCSLP03043" name="TestCases_UK.TC05_PS_CMApproval" tests="1" failures="0" timestamp="22 May 2018 09:27:43 GMT" time="1214.334" errors="0">
  <testcase name="publicSectorcmApproval" time="1214.334" classname="TestCases_UK.TC05_PS_CMApproval"/>
</testsuite> <!-- TestCases_UK.TC05_PS_CMApproval -->
